22-04-2024 00:01:41 error: 
Invalid `prisma.admin.findFirst()` invocation in
D:\Programming\Web_Development_Projects\ERP\Backend\src\API\Auth\controller.ts:100:28

   97 
   98 let user : any;
   99 
→ 100 await prisma.admin.findFirst({
        where: {
          employee_id: "Dhruv0307"
                       ~~~~~~~~~~~
        }
      })

Invalid value for argument `employee_id`: invalid digit found in string. Expected big integer String.
22-04-2024 00:01:55 error: 
Invalid `prisma.admin.findFirst()` invocation in
D:\Programming\Web_Development_Projects\ERP\Backend\src\API\Auth\controller.ts:100:28

   97 
   98 let user : any;
   99 
→ 100 await prisma.admin.findFirst({
        where: {
          employee_id: "Dhruv0307"
                       ~~~~~~~~~~~
        }
      })

Invalid value for argument `employee_id`: invalid digit found in string. Expected big integer String.
22-04-2024 00:01:58 error: 
Invalid `prisma.admin.findFirst()` invocation in
D:\Programming\Web_Development_Projects\ERP\Backend\src\API\Auth\controller.ts:100:28

   97 
   98 let user : any;
   99 
→ 100 await prisma.admin.findFirst({
        where: {
          employee_id: "Dhruv0307"
                       ~~~~~~~~~~~
        }
      })

Invalid value for argument `employee_id`: invalid digit found in string. Expected big integer String.
22-04-2024 00:02:34 error: 
Invalid `prisma.admin.findFirst()` invocation in
D:\Programming\Web_Development_Projects\ERP\Backend\src\API\Auth\controller.ts:100:28

   97 
   98 let user : any;
   99 
→ 100 await prisma.admin.findFirst({
        where: {
          employee_id: "Dhruv0307"
                       ~~~~~~~~~~~
        }
      })

Invalid value for argument `employee_id`: invalid digit found in string. Expected big integer String.
22-04-2024 00:05:38 error: 
Invalid `prisma.admin.findFirst()` invocation in
D:\Programming\Web_Development_Projects\ERP\Backend\src\API\Auth\controller.ts:100:28

   97 
   98 let user : any;
   99 
→ 100 await prisma.admin.findFirst({
        where: {
          employee_id: "Dhruv0307"
                       ~~~~~~~~~~~
        }
      })

Invalid value for argument `employee_id`: invalid digit found in string. Expected big integer String.
19-06-2024 01:51:22  error: object is not iterable (cannot read property Symbol(Symbol.iterator))
19-06-2024 01:51:22  error: object is not iterable (cannot read property Symbol(Symbol.iterator))
19-06-2024 01:52:14  error: object is not iterable (cannot read property Symbol(Symbol.iterator))
19-06-2024 01:52:14  error: object is not iterable (cannot read property Symbol(Symbol.iterator))
19-06-2024 01:52:37  error: object is not iterable (cannot read property Symbol(Symbol.iterator))
19-06-2024 01:52:37  error: object is not iterable (cannot read property Symbol(Symbol.iterator))
19-06-2024 01:53:00  error: object is not iterable (cannot read property Symbol(Symbol.iterator))
19-06-2024 01:53:00  error: object is not iterable (cannot read property Symbol(Symbol.iterator))
19-06-2024 01:53:11  error: object is not iterable (cannot read property Symbol(Symbol.iterator))
19-06-2024 01:53:11  error: object is not iterable (cannot read property Symbol(Symbol.iterator))
19-06-2024 01:53:36  error: object is not iterable (cannot read property Symbol(Symbol.iterator))
19-06-2024 01:53:36  error: object is not iterable (cannot read property Symbol(Symbol.iterator))
19-06-2024 01:53:52  error: object is not iterable (cannot read property Symbol(Symbol.iterator))
19-06-2024 01:53:52  error: object is not iterable (cannot read property Symbol(Symbol.iterator))
19-06-2024 01:54:20  error: object is not iterable (cannot read property Symbol(Symbol.iterator))
19-06-2024 01:54:21  error: object is not iterable (cannot read property Symbol(Symbol.iterator))
25-06-2024 15:22:02  error: Do not know how to serialize a BigInt
26-06-2024 00:35:28  error: 
Invalid `prisma.attendance.create()` invocation in
D:\Programming\Web_Development_Projects\ERP\Server\src\API\Academics\Attendance\MarkAttendance.ts:20:37

  17 }
  18 
  19 for (let Student in attendance) {
→ 20     await prisma.attendance.create({
           data: {
             branch: "CE",
             day: "Wednesday",
             sem: 6,
             time: "09:15 AM - 11:05 AM",
             subjectCode: "Web Programming",
                          ~~~~~~~~~~~~~~~~~
             facultyEmployeeId: "Dhruv Godhani",
             studentEnrollmentNo: "201240107030",
             status: "present",
             date: "2024-06-26 00:35:28"
           }
         })

Argument `subjectCode`: Invalid value provided. Expected Int, provided String.
26-06-2024 00:44:11  error: 
Invalid `prisma.attendance.create()` invocation in
D:\Programming\Web_Development_Projects\ERP\Server\src\API\Academics\Attendance\MarkAttendance.ts:20:37

  17 }
  18 
  19 for (let Student in attendance) {
→ 20     await prisma.attendance.create({
           data: {
             branch: "CE",
             day: "Wednesday",
             sem: 6,
             time: "09:15 AM - 11:05 AM",
             subjectCode: "Web Programming",
                          ~~~~~~~~~~~~~~~~~
             facultyEmployeeId: "Dhruv Godhani",
             studentEnrollmentNo: "201240107030",
             status: "present",
             date: "2024-06-26 00:44:11"
           }
         })

Argument `subjectCode`: Invalid value provided. Expected Int, provided String.
26-06-2024 00:47:02  error: 
Invalid `prisma.attendance.create()` invocation in
D:\Programming\Web_Development_Projects\ERP\Server\src\API\Academics\Attendance\MarkAttendance.ts:20:37

  17 }
  18 
  19 for (let Student in attendance) {
→ 20     await prisma.attendance.create({
           data: {
             branch: "CE",
             day: "Wednesday",
             sem: 6,
             time: "09:15 AM - 11:05 AM",
             subjectCode: "Web Programming",
                          ~~~~~~~~~~~~~~~~~
             facultyEmployeeId: "Dhruv Godhani",
             studentEnrollmentNo: "201240107030",
             status: "present",
             date: "2024-06-26 00:47:02"
           }
         })

Argument `subjectCode`: Invalid value provided. Expected Int, provided String.
26-06-2024 00:48:06  error: 
Invalid `prisma.attendance.create()` invocation in
D:\Programming\Web_Development_Projects\ERP\Server\src\API\Academics\Attendance\MarkAttendance.ts:20:37

  17 }
  18 
  19 for (let Student in attendance) {
→ 20     await prisma.attendance.create({
           data: {
             branch: "CE",
             day: "Wednesday",
             sem: 6,
             time: "09:15 AM - 11:05 AM",
             subjectCode: 3160713,
             facultyEmployeeId: "211240107021",
             studentEnrollmentNo: "201240107030",
             status: "present",
                     ~~~~~~~~~
             date: "2024-06-26 00:48:06"
           }
         })

Invalid value for argument `status`. Expected AttendanceType.
26-06-2024 00:49:53  error: 
Invalid `prisma.attendance.create()` invocation in
D:\Programming\Web_Development_Projects\ERP\Server\src\API\Academics\Attendance\MarkAttendance.ts:20:37

  17 }
  18 
  19 for (let Student in attendance) {
→ 20     await prisma.attendance.create({
           data: {
             branch: "CE",
             day: "Wednesday",
             sem: 6,
             time: "09:15 AM - 11:05 AM",
             subjectCode: 3160713,
             facultyEmployeeId: "211240107021",
             studentEnrollmentNo: "201240107030",
             status: "Present",
                     ~~~~~~~~~
             date: "2024-06-26 00:49:53"
           }
         })

Invalid value for argument `status`. Expected AttendanceType.
26-06-2024 00:50:59  error: 
Invalid `prisma.attendance.create()` invocation in
D:\Programming\Web_Development_Projects\ERP\Server\src\API\Academics\Attendance\MarkAttendance.ts:20:37

  17 }
  18 
  19 for (let Student in attendance) {
→ 20     await prisma.attendance.create({
           data: {
             branch: "CE",
             day: "Wednesday",
             sem: 6,
             time: "09:15 AM - 11:05 AM",
             subjectCode: 3160713,
             facultyEmployeeId: "211240107021",
             studentEnrollmentNo: "201240107030",
             status: "Present",
             date: "2024-06-26 00:50:58"
                   ~~~~~~~~~~~~~~~~~~~~~
           }
         })

Invalid value for argument `date`: input contains invalid characters. Expected ISO-8601 DateTime.
22-07-2024 01:40:20  error: 
Invalid `prisma.attendance.create()` invocation in
D:\Programming\Web_Development_Projects\ERP\Server\src\API\Academics\Attendance\MarkAttendance.ts:19:37

  16 }
  17 
  18 for (let Student in attendance) {
→ 19     await prisma.attendance.create({
           data: {
             branch: "CE",
             day: "Tuesday",
             sem: 6,
             time: "11:15 AM - 12:10 PM",
             subjectCode: 3160713,
             facultyEmployeeId: "211240107021",
             studentEnrollmentNo: "201240107030",
             status: "Present",
         +   date: DateTime
           }
         })

Argument `date` is missing.
22-07-2024 01:46:26  error: date.setHours is not a function
22-08-2024 19:00:46  error: Missing credentials for "PLAIN"
06-10-2024 13:58:06  error: Cannot read properties of undefined (reading 'length')
06-10-2024 13:58:46  error: Cannot read properties of undefined (reading 'length')
06-10-2024 13:59:43  error: Cannot read properties of undefined (reading 'length')
06-10-2024 14:54:53  error: Cannot read properties of undefined (reading 'length')
06-10-2024 14:55:25  error: Cannot read properties of undefined (reading 'length')
06-10-2024 14:55:54  error: Cannot read properties of undefined (reading '1')
06-10-2024 15:05:27  error: Cannot read properties of undefined (reading '0')
06-10-2024 15:05:52  error: Cannot read properties of undefined (reading '0')
06-10-2024 15:06:15  error: 
Invalid `prisma.timeTable.create()` invocation in
D:\Programming\Web_Development_Projects\ERP\Server\src\API\Academics\TimeTable\SetTimeTable.ts:25:40

  22 console.log(data);
  23 
  24 for (let i = 0; i < data['Timetable_6sem'].length; i++) {
→ 25         await prisma.timeTable.create({
               data: {
                 time: "09:15 AM - 10:10 AM",
                 day: "Monday",
                 subject: 3160707,
                          ~~~~~~~
                 facultyId: 211240107066,
                 lectureType: "09:15 AM - 10:10 AM",
                 batch: "09:15 AM - 10:10 AM",
                 branchId: "09:15 AM - 10:10 AM",
                 sem: "09:15 AM - 10:10 AM"
               }
             })

Argument `subject`: Invalid value provided. Expected String, provided Int.
06-10-2024 15:06:37  error: 
Invalid `prisma.timeTable.create()` invocation in
D:\Programming\Web_Development_Projects\ERP\Server\src\API\Academics\TimeTable\SetTimeTable.ts:25:40

  22 console.log(data);
  23 
  24 for (let i = 0; i < data['Timetable_6sem'].length; i++) {
→ 25         await prisma.timeTable.create({
               data: {
                 time: "09:15 AM - 10:10 AM",
                 day: "Monday",
                 subject: "3160707",
                 facultyId: 211240107066,
                            ~~~~~~~~~~~~
                 lectureType: "09:15 AM - 10:10 AM",
                 batch: "09:15 AM - 10:10 AM",
                 branchId: "09:15 AM - 10:10 AM",
                 sem: "09:15 AM - 10:10 AM"
               }
             })

Argument `facultyId`: Invalid value provided. Expected String, provided Int.
06-10-2024 15:06:52  error: 
Invalid `prisma.timeTable.create()` invocation in
D:\Programming\Web_Development_Projects\ERP\Server\src\API\Academics\TimeTable\SetTimeTable.ts:25:40

  22 console.log(data);
  23 
  24 for (let i = 0; i < data['Timetable_6sem'].length; i++) {
→ 25         await prisma.timeTable.create({
               data: {
                 time: "09:15 AM - 10:10 AM",
                 day: "Monday",
                 subject: "3160707",
                 facultyId: "211240107066",
                 lectureType: "09:15 AM - 10:10 AM",
                              ~~~~~~~~~~~~~~~~~~~~~
                 batch: "09:15 AM - 10:10 AM",
                 branchId: "09:15 AM - 10:10 AM",
                 sem: "09:15 AM - 10:10 AM"
               }
             })

Invalid value for argument `lectureType`. Expected LectureType.
06-10-2024 15:07:29  error: Cannot read properties of undefined (reading 'toString')
06-10-2024 15:07:48  error: Cannot read properties of undefined (reading 'toString')
06-10-2024 15:08:36  error: Cannot read properties of undefined (reading 'toString')
06-10-2024 15:09:46  error: 
Invalid `prisma.timeTable.create()` invocation in
D:\Programming\Web_Development_Projects\ERP\Server\src\API\Academics\TimeTable\SetTimeTable.ts:25:36

  22 console.log(data);
  23 
  24 for (let i = 0; i < data['Timetable_6sem'].length; i++) {
→ 25     await prisma.timeTable.create(
Foreign key constraint failed on the field: `TimeTable_branchId_fkey (index)`
